# JRE version: OpenJDK Runtime Environment (8.0_152-b01) (build 1.8.0_152-release-915-b01)
# Java VM: OpenJDK 64-Bit Server VM (25.152-b01 mixed mode linux-amd64 compressed oops)
Heap:
 PSYoungGen      total 169472K, used 30546K [0x00000000eab00000, 0x00000000ff600000, 0x0000000100000000)
  eden space 116736K, 0% used [0x00000000eab00000,0x00000000eab00000,0x00000000f1d00000)
  from space 52736K, 57% used [0x00000000f1d00000,0x00000000f3ad4a08,0x00000000f5080000)
  to   space 111104K, 0% used [0x00000000f8980000,0x00000000f8980000,0x00000000ff600000)
 ParOldGen       total 436736K, used 436508K [0x00000000c0000000, 0x00000000daa80000, 0x00000000eab00000)
  object space 436736K, 99% used [0x00000000c0000000,0x00000000daa471c0,0x00000000daa80000)
 Metaspace       used 6545K, capacity 7344K, committed 7552K, reserved 1056768K
  class space    used 601K, capacity 616K, committed 640K, reserved 1048576K
GC Heap History (10 events):
Event: 117.187 GC heap after
Heap after GC invocations=27 (full 4):
 PSYoungGen      total 174080K, used 52160K [0x00000000eab00000, 0x00000000ff300000, 0x0000000100000000)
  eden space 121856K, 0% used [0x00000000eab00000,0x00000000eab00000,0x00000000f2200000)
  from space 52224K, 99% used [0x00000000f2200000,0x00000000f54f0290,0x00000000f5500000)
  to   space 106496K, 0% used [0x00000000f8b00000,0x00000000f8b00000,0x00000000ff300000)
 ParOldGen       total 436736K, used 347932K [0x00000000c0000000, 0x00000000daa80000, 0x00000000eab00000)
  object space 436736K, 79% used [0x00000000c0000000,0x00000000d53c7060,0x00000000daa80000)
 Metaspace       used 6543K, capacity 7344K, committed 7552K, reserved 1056768K
  class space    used 601K, capacity 616K, committed 640K, reserved 1048576K
}
Event: 120.136 GC heap before
{Heap before GC invocations=28 (full 4):
 PSYoungGen      total 174080K, used 174016K [0x00000000eab00000, 0x00000000ff300000, 0x0000000100000000)
  eden space 121856K, 100% used [0x00000000eab00000,0x00000000f2200000,0x00000000f2200000)
  from space 52224K, 99% used [0x00000000f2200000,0x00000000f54f0290,0x00000000f5500000)
  to   space 106496K, 0% used [0x00000000f8b00000,0x00000000f8b00000,0x00000000ff300000)
 ParOldGen       total 436736K, used 347932K [0x00000000c0000000, 0x00000000daa80000, 0x00000000eab00000)
  object space 436736K, 79% used [0x00000000c0000000,0x00000000d53c7060,0x00000000daa80000)
 Metaspace       used 6543K, capacity 7344K, committed 7552K, reserved 1056768K
  class space    used 601K, capacity 616K, committed 640K, reserved 1048576K
Event: 120.489 GC heap after
Heap after GC invocations=28 (full 4):
 PSYoungGen      total 226816K, used 69055K [0x00000000eab00000, 0x0000000100000000, 0x0000000100000000)
  eden space 120320K, 0% used [0x00000000eab00000,0x00000000eab00000,0x00000000f2080000)
  from space 106496K, 64% used [0x00000000f8b00000,0x00000000fce6fe88,0x00000000ff300000)
  to   space 109056K, 0% used [0x00000000f2080000,0x00000000f2080000,0x00000000f8b00000)
 ParOldGen       total 436736K, used 347932K [0x00000000c0000000, 0x00000000daa80000, 0x00000000eab00000)
  object space 436736K, 79% used [0x00000000c0000000,0x00000000d53c7060,0x00000000daa80000)
 Metaspace       used 6543K, capacity 7344K, committed 7552K, reserved 1056768K
  class space    used 601K, capacity 616K, committed 640K, reserved 1048576K
}
Event: 122.740 GC heap before
{Heap before GC invocations=29 (full 4):
 PSYoungGen      total 226816K, used 189375K [0x00000000eab00000, 0x0000000100000000, 0x0000000100000000)
  eden space 120320K, 100% used [0x00000000eab00000,0x00000000f2080000,0x00000000f2080000)
  from space 106496K, 64% used [0x00000000f8b00000,0x00000000fce6fe88,0x00000000ff300000)
  to   space 109056K, 0% used [0x00000000f2080000,0x00000000f2080000,0x00000000f8b00000)
 ParOldGen       total 436736K, used 347932K [0x00000000c0000000, 0x00000000daa80000, 0x00000000eab00000)
  object space 436736K, 79% used [0x00000000c0000000,0x00000000d53c7060,0x00000000daa80000)
 Metaspace       used 6545K, capacity 7344K, committed 7552K, reserved 1056768K
  class space    used 601K, capacity 616K, committed 640K, reserved 1048576K
Event: 123.254 GC heap after
Heap after GC invocations=29 (full 4):
 PSYoungGen      total 229376K, used 87207K [0x00000000eab00000, 0x0000000100000000, 0x0000000100000000)
  eden space 120320K, 0% used [0x00000000eab00000,0x00000000eab00000,0x00000000f2080000)
  from space 109056K, 79% used [0x00000000f2080000,0x00000000f75a9d38,0x00000000f8b00000)
  to   space 116224K, 0% used [0x00000000f8e80000,0x00000000f8e80000,0x0000000100000000)
 ParOldGen       total 436736K, used 347932K [0x00000000c0000000, 0x00000000daa80000, 0x00000000eab00000)
  object space 436736K, 79% used [0x00000000c0000000,0x00000000d53c7060,0x00000000daa80000)
 Metaspace       used 6545K, capacity 7344K, committed 7552K, reserved 1056768K
  class space    used 601K, capacity 616K, committed 640K, reserved 1048576K
}
Event: 125.557 GC heap before
{Heap before GC invocations=30 (full 4):
 PSYoungGen      total 229376K, used 207527K [0x00000000eab00000, 0x0000000100000000, 0x0000000100000000)
  eden space 120320K, 100% used [0x00000000eab00000,0x00000000f2080000,0x00000000f2080000)
  from space 109056K, 79% used [0x00000000f2080000,0x00000000f75a9d38,0x00000000f8b00000)
  to   space 116224K, 0% used [0x00000000f8e80000,0x00000000f8e80000,0x0000000100000000)
 ParOldGen       total 436736K, used 347932K [0x00000000c0000000, 0x00000000daa80000, 0x00000000eab00000)
  object space 436736K, 79% used [0x00000000c0000000,0x00000000d53c7060,0x00000000daa80000)
 Metaspace       used 6545K, capacity 7344K, committed 7552K, reserved 1056768K
  class space    used 601K, capacity 616K, committed 640K, reserved 1048576K
Event: 126.523 GC heap after
Heap after GC invocations=30 (full 4):
 PSYoungGen      total 232960K, used 68808K [0x00000000eab00000, 0x0000000100000000, 0x0000000100000000)
  eden space 116736K, 0% used [0x00000000eab00000,0x00000000eab00000,0x00000000f1d00000)
  from space 116224K, 59% used [0x00000000f8e80000,0x00000000fd1b20f0,0x0000000100000000)
  to   space 116224K, 0% used [0x00000000f1d00000,0x00000000f1d00000,0x00000000f8e80000)
 ParOldGen       total 436736K, used 382344K [0x00000000c0000000, 0x00000000daa80000, 0x00000000eab00000)
  object space 436736K, 87% used [0x00000000c0000000,0x00000000d7562278,0x00000000daa80000)
 Metaspace       used 6545K, capacity 7344K, committed 7552K, reserved 1056768K
  class space    used 601K, capacity 616K, committed 640K, reserved 1048576K
}
Event: 128.769 GC heap before
{Heap before GC invocations=31 (full 4):
 PSYoungGen      total 232960K, used 185544K [0x00000000eab00000, 0x0000000100000000, 0x0000000100000000)
  eden space 116736K, 100% used [0x00000000eab00000,0x00000000f1d00000,0x00000000f1d00000)
  from space 116224K, 59% used [0x00000000f8e80000,0x00000000fd1b20f0,0x0000000100000000)
  to   space 116224K, 0% used [0x00000000f1d00000,0x00000000f1d00000,0x00000000f8e80000)
 ParOldGen       total 436736K, used 382344K [0x00000000c0000000, 0x00000000daa80000, 0x00000000eab00000)
  object space 436736K, 87% used [0x00000000c0000000,0x00000000d7562278,0x00000000daa80000)
 Metaspace       used 6545K, capacity 7344K, committed 7552K, reserved 1056768K
  class space    used 601K, capacity 616K, committed 640K, reserved 1048576K
Event: 129.396 GC heap after
Heap after GC invocations=31 (full 4):
 PSYoungGen      total 169472K, used 52241K [0x00000000eab00000, 0x00000000ff600000, 0x0000000100000000)
  eden space 116736K, 0% used [0x00000000eab00000,0x00000000eab00000,0x00000000f1d00000)
  from space 52736K, 99% used [0x00000000f1d00000,0x00000000f5004678,0x00000000f5080000)
  to   space 111104K, 0% used [0x00000000f8980000,0x00000000f8980000,0x00000000ff600000)
 ParOldGen       total 436736K, used 416495K [0x00000000c0000000, 0x00000000daa80000, 0x00000000eab00000)
  object space 436736K, 95% used [0x00000000c0000000,0x00000000d96bbc28,0x00000000daa80000)
 Metaspace       used 6545K, capacity 7344K, committed 7552K, reserved 1056768K
  class space    used 601K, capacity 616K, committed 640K, reserved 1048576K
}
Event: 129.396 GC heap before
{Heap before GC invocations=32 (full 5):
 PSYoungGen      total 169472K, used 52241K [0x00000000eab00000, 0x00000000ff600000, 0x0000000100000000)
  eden space 116736K, 0% used [0x00000000eab00000,0x00000000eab00000,0x00000000f1d00000)
  from space 52736K, 99% used [0x00000000f1d00000,0x00000000f5004678,0x00000000f5080000)
  to   space 111104K, 0% used [0x00000000f8980000,0x00000000f8980000,0x00000000ff600000)
 ParOldGen       total 436736K, used 416495K [0x00000000c0000000, 0x00000000daa80000, 0x00000000eab00000)
  object space 436736K, 95% used [0x00000000c0000000,0x00000000d96bbc28,0x00000000daa80000)
 Metaspace       used 6545K, capacity 7344K, committed 7552K, reserved 1056768K
  class space    used 601K, capacity 616K, committed 640K, reserved 1048576K

