# JRE version: OpenJDK Runtime Environment (8.0_152-b01) (build 1.8.0_152-release-915-b01)
# Java VM: OpenJDK 64-Bit Server VM (25.152-b01 mixed mode linux-amd64 compressed oops)
Heap:
 PSYoungGen      total 689664K, used 160233K [0x000000076ab00000, 0x000000079f500000, 0x00000007c0000000)
  eden space 529408K, 0% used [0x000000076ab00000,0x000000076ab00000,0x000000078b000000)
  from space 160256K, 99% used [0x000000078b000000,0x0000000794c7a6a8,0x0000000794c80000)
  to   space 147968K, 0% used [0x0000000794c80000,0x0000000794c80000,0x000000079dd00000)
 ParOldGen       total 764416K, used 614736K [0x00000006c0000000, 0x00000006eea80000, 0x000000076ab00000)
  object space 764416K, 80% used [0x00000006c0000000,0x00000006e5854210,0x00000006eea80000)
 Metaspace       used 6725K, capacity 7320K, committed 7680K, reserved 1056768K
  class space    used 613K, capacity 656K, committed 768K, reserved 1048576K
GC Heap History (10 events):
Event: 132.479 GC heap after
Heap after GC invocations=23 (full 4):
 PSYoungGen      total 572416K, used 67611K [0x000000076ab00000, 0x0000000799480000, 0x00000007c0000000)
  eden space 437760K, 0% used [0x000000076ab00000,0x000000076ab00000,0x0000000785680000)
  from space 134656K, 50% used [0x0000000785680000,0x0000000789886e60,0x000000078da00000)
  to   space 132608K, 0% used [0x0000000791300000,0x0000000791300000,0x0000000799480000)
 ParOldGen       total 524288K, used 460616K [0x00000006c0000000, 0x00000006e0000000, 0x000000076ab00000)
  object space 524288K, 87% used [0x00000006c0000000,0x00000006dc1d2268,0x00000006e0000000)
 Metaspace       used 6714K, capacity 7320K, committed 7680K, reserved 1056768K
  class space    used 611K, capacity 656K, committed 768K, reserved 1048576K
}
Event: 132.479 GC heap before
{Heap before GC invocations=24 (full 5):
 PSYoungGen      total 572416K, used 67611K [0x000000076ab00000, 0x0000000799480000, 0x00000007c0000000)
  eden space 437760K, 0% used [0x000000076ab00000,0x000000076ab00000,0x0000000785680000)
  from space 134656K, 50% used [0x0000000785680000,0x0000000789886e60,0x000000078da00000)
  to   space 132608K, 0% used [0x0000000791300000,0x0000000791300000,0x0000000799480000)
 ParOldGen       total 524288K, used 460616K [0x00000006c0000000, 0x00000006e0000000, 0x000000076ab00000)
  object space 524288K, 87% used [0x00000006c0000000,0x00000006dc1d2268,0x00000006e0000000)
 Metaspace       used 6714K, capacity 7320K, committed 7680K, reserved 1056768K
  class space    used 611K, capacity 656K, committed 768K, reserved 1048576K
Event: 141.890 GC heap after
Heap after GC invocations=24 (full 5):
 PSYoungGen      total 572416K, used 0K [0x000000076ab00000, 0x0000000799480000, 0x00000007c0000000)
  eden space 437760K, 0% used [0x000000076ab00000,0x000000076ab00000,0x0000000785680000)
  from space 134656K, 0% used [0x0000000785680000,0x0000000785680000,0x000000078da00000)
  to   space 132608K, 0% used [0x0000000791300000,0x0000000791300000,0x0000000799480000)
 ParOldGen       total 764416K, used 523112K [0x00000006c0000000, 0x00000006eea80000, 0x000000076ab00000)
  object space 764416K, 68% used [0x00000006c0000000,0x00000006dfeda368,0x00000006eea80000)
 Metaspace       used 6714K, capacity 7320K, committed 7680K, reserved 1056768K
  class space    used 611K, capacity 656K, committed 768K, reserved 1048576K
}
Event: 152.837 GC heap before
{Heap before GC invocations=25 (full 5):
 PSYoungGen      total 572416K, used 437760K [0x000000076ab00000, 0x0000000799480000, 0x00000007c0000000)
  eden space 437760K, 100% used [0x000000076ab00000,0x0000000785680000,0x0000000785680000)
  from space 134656K, 0% used [0x0000000785680000,0x0000000785680000,0x000000078da00000)
  to   space 132608K, 0% used [0x0000000791300000,0x0000000791300000,0x0000000799480000)
 ParOldGen       total 764416K, used 523112K [0x00000006c0000000, 0x00000006eea80000, 0x000000076ab00000)
  object space 764416K, 68% used [0x00000006c0000000,0x00000006dfeda368,0x00000006eea80000)
 Metaspace       used 6714K, capacity 7320K, committed 7680K, reserved 1056768K
  class space    used 611K, capacity 656K, committed 768K, reserved 1048576K
Event: 153.438 GC heap after
Heap after GC invocations=25 (full 5):
 PSYoungGen      total 595968K, used 58084K [0x000000076ab00000, 0x0000000797d80000, 0x00000007c0000000)
  eden space 486912K, 0% used [0x000000076ab00000,0x000000076ab00000,0x0000000788680000)
  from space 109056K, 53% used [0x0000000791300000,0x0000000794bb9398,0x0000000797d80000)
  to   space 126464K, 0% used [0x0000000788680000,0x0000000788680000,0x0000000790200000)
 ParOldGen       total 764416K, used 523112K [0x00000006c0000000, 0x00000006eea80000, 0x000000076ab00000)
  object space 764416K, 68% used [0x00000006c0000000,0x00000006dfeda368,0x00000006eea80000)
 Metaspace       used 6714K, capacity 7320K, committed 7680K, reserved 1056768K
  class space    used 611K, capacity 656K, committed 768K, reserved 1048576K
}
Event: 163.177 GC heap before
{Heap before GC invocations=26 (full 5):
 PSYoungGen      total 595968K, used 544996K [0x000000076ab00000, 0x0000000797d80000, 0x00000007c0000000)
  eden space 486912K, 100% used [0x000000076ab00000,0x0000000788680000,0x0000000788680000)
  from space 109056K, 53% used [0x0000000791300000,0x0000000794bb9398,0x0000000797d80000)
  to   space 126464K, 0% used [0x0000000788680000,0x0000000788680000,0x0000000790200000)
 ParOldGen       total 764416K, used 523112K [0x00000006c0000000, 0x00000006eea80000, 0x000000076ab00000)
  object space 764416K, 68% used [0x00000006c0000000,0x00000006dfeda368,0x00000006eea80000)
 Metaspace       used 6715K, capacity 7320K, committed 7680K, reserved 1056768K
  class space    used 611K, capacity 656K, committed 768K, reserved 1048576K
Event: 164.052 GC heap after
Heap after GC invocations=26 (full 5):
 PSYoungGen      total 613376K, used 126433K [0x000000076ab00000, 0x000000079dd00000, 0x00000007c0000000)
  eden space 486912K, 0% used [0x000000076ab00000,0x000000076ab00000,0x0000000788680000)
  from space 126464K, 99% used [0x0000000788680000,0x00000007901f84a0,0x0000000790200000)
  to   space 147968K, 0% used [0x0000000794c80000,0x0000000794c80000,0x000000079dd00000)
 ParOldGen       total 764416K, used 527348K [0x00000006c0000000, 0x00000006eea80000, 0x000000076ab00000)
  object space 764416K, 68% used [0x00000006c0000000,0x00000006e02fd3c8,0x00000006eea80000)
 Metaspace       used 6715K, capacity 7320K, committed 7680K, reserved 1056768K
  class space    used 611K, capacity 656K, committed 768K, reserved 1048576K
}
Event: 184.346 GC heap before
{Heap before GC invocations=27 (full 5):
 PSYoungGen      total 613376K, used 613345K [0x000000076ab00000, 0x000000079dd00000, 0x00000007c0000000)
  eden space 486912K, 100% used [0x000000076ab00000,0x0000000788680000,0x0000000788680000)
  from space 126464K, 99% used [0x0000000788680000,0x00000007901f84a0,0x0000000790200000)
  to   space 147968K, 0% used [0x0000000794c80000,0x0000000794c80000,0x000000079dd00000)
 ParOldGen       total 764416K, used 527348K [0x00000006c0000000, 0x00000006eea80000, 0x000000076ab00000)
  object space 764416K, 68% used [0x00000006c0000000,0x00000006e02fd3c8,0x00000006eea80000)
 Metaspace       used 6725K, capacity 7320K, committed 7680K, reserved 1056768K
  class space    used 613K, capacity 656K, committed 768K, reserved 1048576K
Event: 187.002 GC heap after
Heap after GC invocations=27 (full 5):
 PSYoungGen      total 677376K, used 116234K [0x000000076ab00000, 0x000000079f500000, 0x00000007c0000000)
  eden space 529408K, 0% used [0x000000076ab00000,0x000000076ab00000,0x000000078b000000)
  from space 147968K, 78% used [0x0000000794c80000,0x000000079be02ab0,0x000000079dd00000)
  to   space 160256K, 0% used [0x000000078b000000,0x000000078b000000,0x0000000794c80000)
 ParOldGen       total 764416K, used 583642K [0x00000006c0000000, 0x00000006eea80000, 0x000000076ab00000)
  object space 764416K, 76% used [0x00000006c0000000,0x00000006e39f6820,0x00000006eea80000)
 Metaspace       used 6725K, capacity 7320K, committed 7680K, reserved 1056768K
  class space    used 613K, capacity 656K, committed 768K, reserved 1048576K
}
Event: 211.620 GC heap before
{Heap before GC invocations=28 (full 5):
 PSYoungGen      total 677376K, used 645642K [0x000000076ab00000, 0x000000079f500000, 0x00000007c0000000)
  eden space 529408K, 100% used [0x000000076ab00000,0x000000078b000000,0x000000078b000000)
  from space 147968K, 78% used [0x0000000794c80000,0x000000079be02ab0,0x000000079dd00000)
  to   space 160256K, 0% used [0x000000078b000000,0x000000078b000000,0x0000000794c80000)
 ParOldGen       total 764416K, used 583642K [0x00000006c0000000, 0x00000006eea80000, 0x000000076ab00000)
  object space 764416K, 76% used [0x00000006c0000000,0x00000006e39f6820,0x00000006eea80000)
 Metaspace       used 6725K, capacity 7320K, committed 7680K, reserved 1056768K
  class space    used 613K, capacity 656K, committed 768K, reserved 1048576K

