# JRE version: OpenJDK Runtime Environment (8.0_152-b01) (build 1.8.0_152-release-915-b01)
# Java VM: OpenJDK 64-Bit Server VM (25.152-b01 mixed mode linux-amd64 compressed oops)
Heap:
 PSYoungGen      total 821248K, used 50303K [0x000000076ab00000, 0x00000007ab600000, 0x00000007c0000000)
  eden space 640000K, 0% used [0x000000076ab00000,0x000000076ab00000,0x0000000791c00000)
  from space 181248K, 27% used [0x000000079dc00000,0x00000007a0d1fdc8,0x00000007a8d00000)
  to   space 196608K, 0% used [0x0000000791c00000,0x0000000791c00000,0x000000079dc00000)
 ParOldGen       total 534016K, used 533532K [0x00000006c0000000, 0x00000006e0980000, 0x000000076ab00000)
  object space 534016K, 99% used [0x00000006c0000000,0x00000006e09073e8,0x00000006e0980000)
 Metaspace       used 6701K, capacity 7320K, committed 7680K, reserved 1056768K
  class space    used 611K, capacity 656K, committed 768K, reserved 1048576K
GC Heap History (10 events):
Event: 59.431 GC heap after
Heap after GC invocations=16 (full 3):
 PSYoungGen      total 569856K, used 99317K [0x000000076ab00000, 0x000000079d280000, 0x00000007c0000000)
  eden space 470528K, 0% used [0x000000076ab00000,0x000000076ab00000,0x0000000787680000)
  from space 99328K, 99% used [0x0000000787680000,0x000000078d77d5e8,0x000000078d780000)
  to   space 135168K, 0% used [0x0000000794e80000,0x0000000794e80000,0x000000079d280000)
 ParOldGen       total 338432K, used 257361K [0x00000006c0000000, 0x00000006d4a80000, 0x000000076ab00000)
  object space 338432K, 76% used [0x00000006c0000000,0x00000006cfb54508,0x00000006d4a80000)
 Metaspace       used 6665K, capacity 7320K, committed 7680K, reserved 1056768K
  class space    used 610K, capacity 656K, committed 768K, reserved 1048576K
}
Event: 66.259 GC heap before
{Heap before GC invocations=17 (full 3):
 PSYoungGen      total 569856K, used 569845K [0x000000076ab00000, 0x000000079d280000, 0x00000007c0000000)
  eden space 470528K, 100% used [0x000000076ab00000,0x0000000787680000,0x0000000787680000)
  from space 99328K, 99% used [0x0000000787680000,0x000000078d77d5e8,0x000000078d780000)
  to   space 135168K, 0% used [0x0000000794e80000,0x0000000794e80000,0x000000079d280000)
 ParOldGen       total 338432K, used 257361K [0x00000006c0000000, 0x00000006d4a80000, 0x000000076ab00000)
  object space 338432K, 76% used [0x00000006c0000000,0x00000006cfb54508,0x00000006d4a80000)
 Metaspace       used 6668K, capacity 7320K, committed 7680K, reserved 1056768K
  class space    used 610K, capacity 656K, committed 768K, reserved 1048576K
Event: 67.494 GC heap after
Heap after GC invocations=17 (full 3):
 PSYoungGen      total 681984K, used 96988K [0x000000076ab00000, 0x000000079f180000, 0x00000007c0000000)
  eden space 546816K, 0% used [0x000000076ab00000,0x000000076ab00000,0x000000078c100000)
  from space 135168K, 71% used [0x0000000794e80000,0x000000079ad37388,0x000000079d280000)
  to   space 144896K, 0% used [0x000000078c100000,0x000000078c100000,0x0000000794e80000)
 ParOldGen       total 338432K, used 333792K [0x00000006c0000000, 0x00000006d4a80000, 0x000000076ab00000)
  object space 338432K, 98% used [0x00000006c0000000,0x00000006d45f83f8,0x00000006d4a80000)
 Metaspace       used 6668K, capacity 7320K, committed 7680K, reserved 1056768K
  class space    used 610K, capacity 656K, committed 768K, reserved 1048576K
}
Event: 67.494 GC heap before
{Heap before GC invocations=18 (full 4):
 PSYoungGen      total 681984K, used 96988K [0x000000076ab00000, 0x000000079f180000, 0x00000007c0000000)
  eden space 546816K, 0% used [0x000000076ab00000,0x000000076ab00000,0x000000078c100000)
  from space 135168K, 71% used [0x0000000794e80000,0x000000079ad37388,0x000000079d280000)
  to   space 144896K, 0% used [0x000000078c100000,0x000000078c100000,0x0000000794e80000)
 ParOldGen       total 338432K, used 333792K [0x00000006c0000000, 0x00000006d4a80000, 0x000000076ab00000)
  object space 338432K, 98% used [0x00000006c0000000,0x00000006d45f83f8,0x00000006d4a80000)
 Metaspace       used 6668K, capacity 7320K, committed 7680K, reserved 1056768K
  class space    used 610K, capacity 656K, committed 768K, reserved 1048576K
Event: 73.142 GC heap after
Heap after GC invocations=18 (full 4):
 PSYoungGen      total 681984K, used 86855K [0x000000076ab00000, 0x000000079f180000, 0x00000007c0000000)
  eden space 546816K, 0% used [0x000000076ab00000,0x000000076ab00000,0x000000078c100000)
  from space 135168K, 64% used [0x0000000794e80000,0x000000079a351ef8,0x000000079d280000)
  to   space 144896K, 0% used [0x000000078c100000,0x000000078c100000,0x0000000794e80000)
 ParOldGen       total 534016K, used 338264K [0x00000006c0000000, 0x00000006e0980000, 0x000000076ab00000)
  object space 534016K, 63% used [0x00000006c0000000,0x00000006d4a56188,0x00000006e0980000)
 Metaspace       used 6668K, capacity 7320K, committed 7680K, reserved 1056768K
  class space    used 610K, capacity 656K, committed 768K, reserved 1048576K
}
Event: 81.263 GC heap before
{Heap before GC invocations=19 (full 4):
 PSYoungGen      total 681984K, used 633671K [0x000000076ab00000, 0x000000079f180000, 0x00000007c0000000)
  eden space 546816K, 100% used [0x000000076ab00000,0x000000078c100000,0x000000078c100000)
  from space 135168K, 64% used [0x0000000794e80000,0x000000079a351ef8,0x000000079d280000)
  to   space 144896K, 0% used [0x000000078c100000,0x000000078c100000,0x0000000794e80000)
 ParOldGen       total 534016K, used 338264K [0x00000006c0000000, 0x00000006e0980000, 0x000000076ab00000)
  object space 534016K, 63% used [0x00000006c0000000,0x00000006d4a56188,0x00000006e0980000)
 Metaspace       used 6673K, capacity 7320K, committed 7680K, reserved 1056768K
  class space    used 610K, capacity 656K, committed 768K, reserved 1048576K
Event: 82.408 GC heap after
Heap after GC invocations=19 (full 4):
 PSYoungGen      total 691712K, used 144886K [0x000000076ab00000, 0x00000007a8d00000, 0x00000007c0000000)
  eden space 546816K, 0% used [0x000000076ab00000,0x000000076ab00000,0x000000078c100000)
  from space 144896K, 99% used [0x000000078c100000,0x0000000794e7dbd0,0x0000000794e80000)
  to   space 181248K, 0% used [0x000000079dc00000,0x000000079dc00000,0x00000007a8d00000)
 ParOldGen       total 534016K, used 368467K [0x00000006c0000000, 0x00000006e0980000, 0x000000076ab00000)
  object space 534016K, 68% used [0x00000006c0000000,0x00000006d67d4df8,0x00000006e0980000)
 Metaspace       used 6673K, capacity 7320K, committed 7680K, reserved 1056768K
  class space    used 610K, capacity 656K, committed 768K, reserved 1048576K
}
Event: 89.604 GC heap before
{Heap before GC invocations=20 (full 4):
 PSYoungGen      total 691712K, used 691702K [0x000000076ab00000, 0x00000007a8d00000, 0x00000007c0000000)
  eden space 546816K, 100% used [0x000000076ab00000,0x000000078c100000,0x000000078c100000)
  from space 144896K, 99% used [0x000000078c100000,0x0000000794e7dbd0,0x0000000794e80000)
  to   space 181248K, 0% used [0x000000079dc00000,0x000000079dc00000,0x00000007a8d00000)
 ParOldGen       total 534016K, used 368467K [0x00000006c0000000, 0x00000006e0980000, 0x000000076ab00000)
  object space 534016K, 68% used [0x00000006c0000000,0x00000006d67d4df8,0x00000006e0980000)
 Metaspace       used 6701K, capacity 7320K, committed 7680K, reserved 1056768K
  class space    used 611K, capacity 656K, committed 768K, reserved 1048576K
Event: 90.919 GC heap after
Heap after GC invocations=20 (full 4):
 PSYoungGen      total 821248K, used 137190K [0x000000076ab00000, 0x00000007ab600000, 0x00000007c0000000)
  eden space 640000K, 0% used [0x000000076ab00000,0x000000076ab00000,0x0000000791c00000)
  from space 181248K, 75% used [0x000000079dc00000,0x00000007a61f9800,0x00000007a8d00000)
  to   space 196608K, 0% used [0x0000000791c00000,0x0000000791c00000,0x000000079dc00000)
 ParOldGen       total 534016K, used 453382K [0x00000006c0000000, 0x00000006e0980000, 0x000000076ab00000)
  object space 534016K, 84% used [0x00000006c0000000,0x00000006dbac1aa0,0x00000006e0980000)
 Metaspace       used 6701K, capacity 7320K, committed 7680K, reserved 1056768K
  class space    used 611K, capacity 656K, committed 768K, reserved 1048576K
}
Event: 90.919 GC heap before
{Heap before GC invocations=21 (full 5):
 PSYoungGen      total 821248K, used 137190K [0x000000076ab00000, 0x00000007ab600000, 0x00000007c0000000)
  eden space 640000K, 0% used [0x000000076ab00000,0x000000076ab00000,0x0000000791c00000)
  from space 181248K, 75% used [0x000000079dc00000,0x00000007a61f9800,0x00000007a8d00000)
  to   space 196608K, 0% used [0x0000000791c00000,0x0000000791c00000,0x000000079dc00000)
 ParOldGen       total 534016K, used 453382K [0x00000006c0000000, 0x00000006e0980000, 0x000000076ab00000)
  object space 534016K, 84% used [0x00000006c0000000,0x00000006dbac1aa0,0x00000006e0980000)
 Metaspace       used 6701K, capacity 7320K, committed 7680K, reserved 1056768K
  class space    used 611K, capacity 656K, committed 768K, reserved 1048576K

