# JRE version: OpenJDK Runtime Environment (8.0_152-b01) (build 1.8.0_152-release-915-b01)
# Java VM: OpenJDK 64-Bit Server VM (25.152-b01 mixed mode linux-amd64 compressed oops)
Heap:
 PSYoungGen      total 733184K, used 30934K [0x000000076ab00000, 0x00000007a7780000, 0x00000007c0000000)
  eden space 601600K, 0% used [0x000000076ab00000,0x000000076ab00000,0x000000078f680000)
  from space 131584K, 23% used [0x000000078f680000,0x00000007914b5a98,0x0000000797700000)
  to   space 140800K, 0% used [0x000000079ee00000,0x000000079ee00000,0x00000007a7780000)
 ParOldGen       total 492032K, used 491834K [0x00000006c0000000, 0x00000006de080000, 0x000000076ab00000)
  object space 492032K, 99% used [0x00000006c0000000,0x00000006de04eae8,0x00000006de080000)
 Metaspace       used 6672K, capacity 7320K, committed 7680K, reserved 1056768K
  class space    used 610K, capacity 656K, committed 768K, reserved 1048576K
GC Heap History (10 events):
Event: 65.992 GC heap after
Heap after GC invocations=15 (full 3):
 PSYoungGen      total 597504K, used 86521K [0x000000076ab00000, 0x0000000796600000, 0x00000007c0000000)
  eden space 510976K, 0% used [0x000000076ab00000,0x000000076ab00000,0x0000000789e00000)
  from space 86528K, 99% used [0x0000000790680000,0x0000000795afe6e8,0x0000000795b00000)
  to   space 102400K, 0% used [0x0000000789e00000,0x0000000789e00000,0x0000000790200000)
 ParOldGen       total 317952K, used 200118K [0x00000006c0000000, 0x00000006d3680000, 0x000000076ab00000)
  object space 317952K, 62% used [0x00000006c0000000,0x00000006cc36d938,0x00000006d3680000)
 Metaspace       used 6662K, capacity 7320K, committed 7680K, reserved 1056768K
  class space    used 610K, capacity 656K, committed 768K, reserved 1048576K
}
Event: 74.382 GC heap before
{Heap before GC invocations=16 (full 3):
 PSYoungGen      total 597504K, used 597497K [0x000000076ab00000, 0x0000000796600000, 0x00000007c0000000)
  eden space 510976K, 100% used [0x000000076ab00000,0x0000000789e00000,0x0000000789e00000)
  from space 86528K, 99% used [0x0000000790680000,0x0000000795afe6e8,0x0000000795b00000)
  to   space 102400K, 0% used [0x0000000789e00000,0x0000000789e00000,0x0000000790200000)
 ParOldGen       total 317952K, used 200118K [0x00000006c0000000, 0x00000006d3680000, 0x000000076ab00000)
  object space 317952K, 62% used [0x00000006c0000000,0x00000006cc36d938,0x00000006d3680000)
 Metaspace       used 6665K, capacity 7320K, committed 7680K, reserved 1056768K
  class space    used 610K, capacity 656K, committed 768K, reserved 1048576K
Event: 75.533 GC heap after
Heap after GC invocations=16 (full 3):
 PSYoungGen      total 613376K, used 76519K [0x000000076ab00000, 0x000000079e300000, 0x00000007c0000000)
  eden space 510976K, 0% used [0x000000076ab00000,0x000000076ab00000,0x0000000789e00000)
  from space 102400K, 74% used [0x0000000789e00000,0x000000078e8b9f28,0x0000000790200000)
  to   space 110592K, 0% used [0x0000000797700000,0x0000000797700000,0x000000079e300000)
 ParOldGen       total 317952K, used 286538K [0x00000006c0000000, 0x00000006d3680000, 0x000000076ab00000)
  object space 317952K, 90% used [0x00000006c0000000,0x00000006d17d29b8,0x00000006d3680000)
 Metaspace       used 6665K, capacity 7320K, committed 7680K, reserved 1056768K
  class space    used 610K, capacity 656K, committed 768K, reserved 1048576K
}
Event: 75.533 GC heap before
{Heap before GC invocations=17 (full 4):
 PSYoungGen      total 613376K, used 76519K [0x000000076ab00000, 0x000000079e300000, 0x00000007c0000000)
  eden space 510976K, 0% used [0x000000076ab00000,0x000000076ab00000,0x0000000789e00000)
  from space 102400K, 74% used [0x0000000789e00000,0x000000078e8b9f28,0x0000000790200000)
  to   space 110592K, 0% used [0x0000000797700000,0x0000000797700000,0x000000079e300000)
 ParOldGen       total 317952K, used 286538K [0x00000006c0000000, 0x00000006d3680000, 0x000000076ab00000)
  object space 317952K, 90% used [0x00000006c0000000,0x00000006d17d29b8,0x00000006d3680000)
 Metaspace       used 6665K, capacity 7320K, committed 7680K, reserved 1056768K
  class space    used 610K, capacity 656K, committed 768K, reserved 1048576K
Event: 83.457 GC heap after
Heap after GC invocations=17 (full 4):
 PSYoungGen      total 613376K, used 41883K [0x000000076ab00000, 0x000000079e300000, 0x00000007c0000000)
  eden space 510976K, 0% used [0x000000076ab00000,0x000000076ab00000,0x0000000789e00000)
  from space 102400K, 40% used [0x0000000789e00000,0x000000078c6e6e68,0x0000000790200000)
  to   space 110592K, 0% used [0x0000000797700000,0x0000000797700000,0x000000079e300000)
 ParOldGen       total 492032K, used 317478K [0x00000006c0000000, 0x00000006de080000, 0x000000076ab00000)
  object space 492032K, 64% used [0x00000006c0000000,0x00000006d3609808,0x00000006de080000)
 Metaspace       used 6665K, capacity 7320K, committed 7680K, reserved 1056768K
  class space    used 610K, capacity 656K, committed 768K, reserved 1048576K
}
Event: 96.713 GC heap before
{Heap before GC invocations=18 (full 4):
 PSYoungGen      total 613376K, used 552859K [0x000000076ab00000, 0x000000079e300000, 0x00000007c0000000)
  eden space 510976K, 100% used [0x000000076ab00000,0x0000000789e00000,0x0000000789e00000)
  from space 102400K, 40% used [0x0000000789e00000,0x000000078c6e6e68,0x0000000790200000)
  to   space 110592K, 0% used [0x0000000797700000,0x0000000797700000,0x000000079e300000)
 ParOldGen       total 492032K, used 317478K [0x00000006c0000000, 0x00000006de080000, 0x000000076ab00000)
  object space 492032K, 64% used [0x00000006c0000000,0x00000006d3609808,0x00000006de080000)
 Metaspace       used 6668K, capacity 7320K, committed 7680K, reserved 1056768K
  class space    used 610K, capacity 656K, committed 768K, reserved 1048576K
Event: 98.109 GC heap after
Heap after GC invocations=18 (full 4):
 PSYoungGen      total 712192K, used 110562K [0x000000076ab00000, 0x000000079f780000, 0x00000007c0000000)
  eden space 601600K, 0% used [0x000000076ab00000,0x000000076ab00000,0x000000078f680000)
  from space 110592K, 99% used [0x0000000797700000,0x000000079e2f8bd0,0x000000079e300000)
  to   space 131584K, 0% used [0x000000078f680000,0x000000078f680000,0x0000000797700000)
 ParOldGen       total 492032K, used 323116K [0x00000006c0000000, 0x00000006de080000, 0x000000076ab00000)
  object space 492032K, 65% used [0x00000006c0000000,0x00000006d3b8b1f8,0x00000006de080000)
 Metaspace       used 6668K, capacity 7320K, committed 7680K, reserved 1056768K
  class space    used 610K, capacity 656K, committed 768K, reserved 1048576K
}
Event: 107.379 GC heap before
{Heap before GC invocations=19 (full 4):
 PSYoungGen      total 712192K, used 712162K [0x000000076ab00000, 0x000000079f780000, 0x00000007c0000000)
  eden space 601600K, 100% used [0x000000076ab00000,0x000000078f680000,0x000000078f680000)
  from space 110592K, 99% used [0x0000000797700000,0x000000079e2f8bd0,0x000000079e300000)
  to   space 131584K, 0% used [0x000000078f680000,0x000000078f680000,0x0000000797700000)
 ParOldGen       total 492032K, used 323116K [0x00000006c0000000, 0x00000006de080000, 0x000000076ab00000)
  object space 492032K, 65% used [0x00000006c0000000,0x00000006d3b8b1f8,0x00000006de080000)
 Metaspace       used 6672K, capacity 7320K, committed 7680K, reserved 1056768K
  class space    used 610K, capacity 656K, committed 768K, reserved 1048576K
Event: 108.472 GC heap after
Heap after GC invocations=19 (full 4):
 PSYoungGen      total 733184K, used 94715K [0x000000076ab00000, 0x00000007a7780000, 0x00000007c0000000)
  eden space 601600K, 0% used [0x000000076ab00000,0x000000076ab00000,0x000000078f680000)
  from space 131584K, 71% used [0x000000078f680000,0x00000007952fee60,0x0000000797700000)
  to   space 140800K, 0% used [0x000000079ee00000,0x000000079ee00000,0x00000007a7780000)
 ParOldGen       total 492032K, used 434035K [0x00000006c0000000, 0x00000006de080000, 0x000000076ab00000)
  object space 492032K, 88% used [0x00000006c0000000,0x00000006da7dce80,0x00000006de080000)
 Metaspace       used 6672K, capacity 7320K, committed 7680K, reserved 1056768K
  class space    used 610K, capacity 656K, committed 768K, reserved 1048576K
}
Event: 108.473 GC heap before
{Heap before GC invocations=20 (full 5):
 PSYoungGen      total 733184K, used 94715K [0x000000076ab00000, 0x00000007a7780000, 0x00000007c0000000)
  eden space 601600K, 0% used [0x000000076ab00000,0x000000076ab00000,0x000000078f680000)
  from space 131584K, 71% used [0x000000078f680000,0x00000007952fee60,0x0000000797700000)
  to   space 140800K, 0% used [0x000000079ee00000,0x000000079ee00000,0x00000007a7780000)
 ParOldGen       total 492032K, used 434035K [0x00000006c0000000, 0x00000006de080000, 0x000000076ab00000)
  object space 492032K, 88% used [0x00000006c0000000,0x00000006da7dce80,0x00000006de080000)
 Metaspace       used 6672K, capacity 7320K, committed 7680K, reserved 1056768K
  class space    used 610K, capacity 656K, committed 768K, reserved 1048576K

