# JRE version: OpenJDK Runtime Environment (8.0_152-b01) (build 1.8.0_152-release-915-b01)
# Java VM: OpenJDK 64-Bit Server VM (25.152-b01 mixed mode linux-amd64 compressed oops)
Heap:
 PSYoungGen      total 825344K, used 156646K [0x000000076ab00000, 0x00000007a7400000, 0x00000007c0000000)
  eden space 668672K, 0% used [0x000000076ab00000,0x000000076ab00000,0x0000000793800000)
  from space 156672K, 99% used [0x0000000793800000,0x000000079d0f9b30,0x000000079d100000)
  to   space 143360K, 0% used [0x000000079d100000,0x000000079d100000,0x00000007a5d00000)
 ParOldGen       total 716288K, used 627602K [0x00000006c0000000, 0x00000006ebb80000, 0x000000076ab00000)
  object space 716288K, 87% used [0x00000006c0000000,0x00000006e64e4a50,0x00000006ebb80000)
 Metaspace       used 6714K, capacity 7320K, committed 7680K, reserved 1056768K
  class space    used 612K, capacity 656K, committed 768K, reserved 1048576K
GC Heap History (10 events):
Event: 75.880 GC heap after
Heap after GC invocations=17 (full 4):
 PSYoungGen      total 615936K, used 49487K [0x000000076ab00000, 0x000000079da80000, 0x00000007c0000000)
  eden space 510464K, 0% used [0x000000076ab00000,0x000000076ab00000,0x0000000789d80000)
  from space 105472K, 46% used [0x0000000789d80000,0x000000078cdd3d58,0x0000000790480000)
  to   space 113152K, 0% used [0x0000000796c00000,0x0000000796c00000,0x000000079da80000)
 ParOldGen       total 485888K, used 313364K [0x00000006c0000000, 0x00000006dda80000, 0x000000076ab00000)
  object space 485888K, 64% used [0x00000006c0000000,0x00000006d3205368,0x00000006dda80000)
 Metaspace       used 6697K, capacity 7320K, committed 7680K, reserved 1056768K
  class space    used 611K, capacity 656K, committed 768K, reserved 1048576K
}
Event: 88.884 GC heap before
{Heap before GC invocations=18 (full 4):
 PSYoungGen      total 615936K, used 559951K [0x000000076ab00000, 0x000000079da80000, 0x00000007c0000000)
  eden space 510464K, 100% used [0x000000076ab00000,0x0000000789d80000,0x0000000789d80000)
  from space 105472K, 46% used [0x0000000789d80000,0x000000078cdd3d58,0x0000000790480000)
  to   space 113152K, 0% used [0x0000000796c00000,0x0000000796c00000,0x000000079da80000)
 ParOldGen       total 485888K, used 313364K [0x00000006c0000000, 0x00000006dda80000, 0x000000076ab00000)
  object space 485888K, 64% used [0x00000006c0000000,0x00000006d3205368,0x00000006dda80000)
 Metaspace       used 6700K, capacity 7320K, committed 7680K, reserved 1056768K
  class space    used 611K, capacity 656K, committed 768K, reserved 1048576K
Event: 90.052 GC heap after
Heap after GC invocations=18 (full 4):
 PSYoungGen      total 698368K, used 113127K [0x000000076ab00000, 0x000000079f700000, 0x00000007c0000000)
  eden space 585216K, 0% used [0x000000076ab00000,0x000000076ab00000,0x000000078e680000)
  from space 113152K, 99% used [0x0000000796c00000,0x000000079da79c80,0x000000079da80000)
  to   space 136704K, 0% used [0x000000078e680000,0x000000078e680000,0x0000000796c00000)
 ParOldGen       total 485888K, used 323754K [0x00000006c0000000, 0x00000006dda80000, 0x000000076ab00000)
  object space 485888K, 66% used [0x00000006c0000000,0x00000006d3c2ab68,0x00000006dda80000)
 Metaspace       used 6700K, capacity 7320K, committed 7680K, reserved 1056768K
  class space    used 611K, capacity 656K, committed 768K, reserved 1048576K
}
Event: 100.728 GC heap before
{Heap before GC invocations=19 (full 4):
 PSYoungGen      total 698368K, used 698343K [0x000000076ab00000, 0x000000079f700000, 0x00000007c0000000)
  eden space 585216K, 100% used [0x000000076ab00000,0x000000078e680000,0x000000078e680000)
  from space 113152K, 99% used [0x0000000796c00000,0x000000079da79c80,0x000000079da80000)
  to   space 136704K, 0% used [0x000000078e680000,0x000000078e680000,0x0000000796c00000)
 ParOldGen       total 485888K, used 323754K [0x00000006c0000000, 0x00000006dda80000, 0x000000076ab00000)
  object space 485888K, 66% used [0x00000006c0000000,0x00000006d3c2ab68,0x00000006dda80000)
 Metaspace       used 6704K, capacity 7320K, committed 7680K, reserved 1056768K
  class space    used 611K, capacity 656K, committed 768K, reserved 1048576K
Event: 102.011 GC heap after
Heap after GC invocations=19 (full 4):
 PSYoungGen      total 721920K, used 91179K [0x000000076ab00000, 0x00000007a5d00000, 0x00000007c0000000)
  eden space 585216K, 0% used [0x000000076ab00000,0x000000076ab00000,0x000000078e680000)
  from space 136704K, 66% used [0x000000078e680000,0x0000000793f8aff0,0x0000000796c00000)
  to   space 143360K, 0% used [0x000000079d100000,0x000000079d100000,0x00000007a5d00000)
 ParOldGen       total 485888K, used 437372K [0x00000006c0000000, 0x00000006dda80000, 0x000000076ab00000)
  object space 485888K, 90% used [0x00000006c0000000,0x00000006dab1f368,0x00000006dda80000)
 Metaspace       used 6704K, capacity 7320K, committed 7680K, reserved 1056768K
  class space    used 611K, capacity 656K, committed 768K, reserved 1048576K
}
Event: 102.011 GC heap before
{Heap before GC invocations=20 (full 5):
 PSYoungGen      total 721920K, used 91179K [0x000000076ab00000, 0x00000007a5d00000, 0x00000007c0000000)
  eden space 585216K, 0% used [0x000000076ab00000,0x000000076ab00000,0x000000078e680000)
  from space 136704K, 66% used [0x000000078e680000,0x0000000793f8aff0,0x0000000796c00000)
  to   space 143360K, 0% used [0x000000079d100000,0x000000079d100000,0x00000007a5d00000)
 ParOldGen       total 485888K, used 437372K [0x00000006c0000000, 0x00000006dda80000, 0x000000076ab00000)
  object space 485888K, 90% used [0x00000006c0000000,0x00000006dab1f368,0x00000006dda80000)
 Metaspace       used 6704K, capacity 7320K, committed 7680K, reserved 1056768K
  class space    used 611K, capacity 656K, committed 768K, reserved 1048576K
Event: 109.263 GC heap after
Heap after GC invocations=20 (full 5):
 PSYoungGen      total 721920K, used 36598K [0x000000076ab00000, 0x00000007a5d00000, 0x00000007c0000000)
  eden space 585216K, 0% used [0x000000076ab00000,0x000000076ab00000,0x000000078e680000)
  from space 136704K, 26% used [0x000000078e680000,0x0000000790a3da88,0x0000000796c00000)
  to   space 143360K, 0% used [0x000000079d100000,0x000000079d100000,0x00000007a5d00000)
 ParOldGen       total 716288K, used 485844K [0x00000006c0000000, 0x00000006ebb80000, 0x000000076ab00000)
  object space 716288K, 67% used [0x00000006c0000000,0x00000006dda750c0,0x00000006ebb80000)
 Metaspace       used 6704K, capacity 7320K, committed 7680K, reserved 1056768K
  class space    used 611K, capacity 656K, committed 768K, reserved 1048576K
}
Event: 118.897 GC heap before
{Heap before GC invocations=21 (full 5):
 PSYoungGen      total 721920K, used 621814K [0x000000076ab00000, 0x00000007a5d00000, 0x00000007c0000000)
  eden space 585216K, 100% used [0x000000076ab00000,0x000000078e680000,0x000000078e680000)
  from space 136704K, 26% used [0x000000078e680000,0x0000000790a3da88,0x0000000796c00000)
  to   space 143360K, 0% used [0x000000079d100000,0x000000079d100000,0x00000007a5d00000)
 ParOldGen       total 716288K, used 485844K [0x00000006c0000000, 0x00000006ebb80000, 0x000000076ab00000)
  object space 716288K, 67% used [0x00000006c0000000,0x00000006dda750c0,0x00000006ebb80000)
 Metaspace       used 6704K, capacity 7320K, committed 7680K, reserved 1056768K
  class space    used 611K, capacity 656K, committed 768K, reserved 1048576K
Event: 120.120 GC heap after
Heap after GC invocations=21 (full 5):
 PSYoungGen      total 812032K, used 113452K [0x000000076ab00000, 0x00000007a7400000, 0x00000007c0000000)
  eden space 668672K, 0% used [0x000000076ab00000,0x000000076ab00000,0x0000000793800000)
  from space 143360K, 79% used [0x000000079d100000,0x00000007a3fcb0d0,0x00000007a5d00000)
  to   space 156672K, 0% used [0x0000000793800000,0x0000000793800000,0x000000079d100000)
 ParOldGen       total 716288K, used 485844K [0x00000006c0000000, 0x00000006ebb80000, 0x000000076ab00000)
  object space 716288K, 67% used [0x00000006c0000000,0x00000006dda750c0,0x00000006ebb80000)
 Metaspace       used 6704K, capacity 7320K, committed 7680K, reserved 1056768K
  class space    used 611K, capacity 656K, committed 768K, reserved 1048576K
}
Event: 139.973 GC heap before
{Heap before GC invocations=22 (full 5):
 PSYoungGen      total 812032K, used 782124K [0x000000076ab00000, 0x00000007a7400000, 0x00000007c0000000)
  eden space 668672K, 100% used [0x000000076ab00000,0x0000000793800000,0x0000000793800000)
  from space 143360K, 79% used [0x000000079d100000,0x00000007a3fcb0d0,0x00000007a5d00000)
  to   space 156672K, 0% used [0x0000000793800000,0x0000000793800000,0x000000079d100000)
 ParOldGen       total 716288K, used 485844K [0x00000006c0000000, 0x00000006ebb80000, 0x000000076ab00000)
  object space 716288K, 67% used [0x00000006c0000000,0x00000006dda750c0,0x00000006ebb80000)
 Metaspace       used 6714K, capacity 7320K, committed 7680K, reserved 1056768K
  class space    used 612K, capacity 656K, committed 768K, reserved 1048576K

