# JRE version: OpenJDK Runtime Environment (8.0_152-b01) (build 1.8.0_152-release-915-b01)
# Java VM: OpenJDK 64-Bit Server VM (25.152-b01 mixed mode linux-amd64 compressed oops)
Heap:
 PSYoungGen      total 676864K, used 0K [0x000000076ab00000, 0x00000007a2f00000, 0x00000007c0000000)
  eden space 468992K, 0% used [0x000000076ab00000,0x000000076ab00000,0x0000000787500000)
  from space 207872K, 0% used [0x0000000787500000,0x0000000787500000,0x0000000794000000)
  to   space 200192K, 0% used [0x0000000796b80000,0x0000000796b80000,0x00000007a2f00000)
 ParOldGen       total 761856K, used 719984K [0x00000006c0000000, 0x00000006ee800000, 0x000000076ab00000)
  object space 761856K, 94% used [0x00000006c0000000,0x00000006ebf1c130,0x00000006ee800000)
 Metaspace       used 6691K, capacity 7320K, committed 7680K, reserved 1056768K
  class space    used 611K, capacity 656K, committed 768K, reserved 1048576K
GC Heap History (10 events):
Event: 109.881 GC heap after
Heap after GC invocations=24 (full 5):
 PSYoungGen      total 559616K, used 0K [0x000000076ab00000, 0x0000000798700000, 0x00000007c0000000)
  eden space 427520K, 0% used [0x000000076ab00000,0x000000076ab00000,0x0000000784c80000)
  from space 132096K, 0% used [0x0000000784c80000,0x0000000784c80000,0x000000078cd80000)
  to   space 131072K, 0% used [0x0000000790700000,0x0000000790700000,0x0000000798700000)
 ParOldGen       total 761856K, used 518286K [0x00000006c0000000, 0x00000006ee800000, 0x000000076ab00000)
  object space 761856K, 68% used [0x00000006c0000000,0x00000006dfa23818,0x00000006ee800000)
 Metaspace       used 6681K, capacity 7320K, committed 7680K, reserved 1056768K
  class space    used 610K, capacity 656K, committed 768K, reserved 1048576K
}
Event: 115.975 GC heap before
{Heap before GC invocations=25 (full 5):
 PSYoungGen      total 559616K, used 427520K [0x000000076ab00000, 0x0000000798700000, 0x00000007c0000000)
  eden space 427520K, 100% used [0x000000076ab00000,0x0000000784c80000,0x0000000784c80000)
  from space 132096K, 0% used [0x0000000784c80000,0x0000000784c80000,0x000000078cd80000)
  to   space 131072K, 0% used [0x0000000790700000,0x0000000790700000,0x0000000798700000)
 ParOldGen       total 761856K, used 518286K [0x00000006c0000000, 0x00000006ee800000, 0x000000076ab00000)
  object space 761856K, 68% used [0x00000006c0000000,0x00000006dfa23818,0x00000006ee800000)
 Metaspace       used 6681K, capacity 7320K, committed 7680K, reserved 1056768K
  class space    used 610K, capacity 656K, committed 768K, reserved 1048576K
Event: 116.304 GC heap after
Heap after GC invocations=25 (full 5):
 PSYoungGen      total 586752K, used 64089K [0x000000076ab00000, 0x0000000797400000, 0x00000007c0000000)
  eden space 475136K, 0% used [0x000000076ab00000,0x000000076ab00000,0x0000000787b00000)
  from space 111616K, 57% used [0x0000000790700000,0x0000000794596738,0x0000000797400000)
  to   space 127488K, 0% used [0x0000000787b00000,0x0000000787b00000,0x000000078f780000)
 ParOldGen       total 761856K, used 518286K [0x00000006c0000000, 0x00000006ee800000, 0x000000076ab00000)
  object space 761856K, 68% used [0x00000006c0000000,0x00000006dfa23818,0x00000006ee800000)
 Metaspace       used 6681K, capacity 7320K, committed 7680K, reserved 1056768K
  class space    used 610K, capacity 656K, committed 768K, reserved 1048576K
}
Event: 126.284 GC heap before
{Heap before GC invocations=26 (full 5):
 PSYoungGen      total 586752K, used 539225K [0x000000076ab00000, 0x0000000797400000, 0x00000007c0000000)
  eden space 475136K, 100% used [0x000000076ab00000,0x0000000787b00000,0x0000000787b00000)
  from space 111616K, 57% used [0x0000000790700000,0x0000000794596738,0x0000000797400000)
  to   space 127488K, 0% used [0x0000000787b00000,0x0000000787b00000,0x000000078f780000)
 ParOldGen       total 761856K, used 518286K [0x00000006c0000000, 0x00000006ee800000, 0x000000076ab00000)
  object space 761856K, 68% used [0x00000006c0000000,0x00000006dfa23818,0x00000006ee800000)
 Metaspace       used 6682K, capacity 7320K, committed 7680K, reserved 1056768K
  class space    used 610K, capacity 656K, committed 768K, reserved 1048576K
Event: 127.184 GC heap after
Heap after GC invocations=26 (full 5):
 PSYoungGen      total 602624K, used 127481K [0x000000076ab00000, 0x000000079d080000, 0x00000007c0000000)
  eden space 475136K, 0% used [0x000000076ab00000,0x000000076ab00000,0x0000000787b00000)
  from space 127488K, 99% used [0x0000000787b00000,0x000000078f77e758,0x000000078f780000)
  to   space 147968K, 0% used [0x0000000794000000,0x0000000794000000,0x000000079d080000)
 ParOldGen       total 761856K, used 518480K [0x00000006c0000000, 0x00000006ee800000, 0x000000076ab00000)
  object space 761856K, 68% used [0x00000006c0000000,0x00000006dfa543a8,0x00000006ee800000)
 Metaspace       used 6682K, capacity 7320K, committed 7680K, reserved 1056768K
  class space    used 610K, capacity 656K, committed 768K, reserved 1048576K
}
Event: 148.400 GC heap before
{Heap before GC invocations=27 (full 5):
 PSYoungGen      total 602624K, used 602617K [0x000000076ab00000, 0x000000079d080000, 0x00000007c0000000)
  eden space 475136K, 100% used [0x000000076ab00000,0x0000000787b00000,0x0000000787b00000)
  from space 127488K, 99% used [0x0000000787b00000,0x000000078f77e758,0x000000078f780000)
  to   space 147968K, 0% used [0x0000000794000000,0x0000000794000000,0x000000079d080000)
 ParOldGen       total 761856K, used 518480K [0x00000006c0000000, 0x00000006ee800000, 0x000000076ab00000)
  object space 761856K, 68% used [0x00000006c0000000,0x00000006dfa543a8,0x00000006ee800000)
 Metaspace       used 6691K, capacity 7320K, committed 7680K, reserved 1056768K
  class space    used 611K, capacity 656K, committed 768K, reserved 1048576K
Event: 150.694 GC heap after
Heap after GC invocations=27 (full 5):
 PSYoungGen      total 616960K, used 147961K [0x000000076ab00000, 0x00000007a4780000, 0x00000007c0000000)
  eden space 468992K, 0% used [0x000000076ab00000,0x000000076ab00000,0x0000000787500000)
  from space 147968K, 99% used [0x0000000794000000,0x000000079d07e578,0x000000079d080000)
  to   space 207872K, 0% used [0x0000000787500000,0x0000000787500000,0x0000000794000000)
 ParOldGen       total 761856K, used 616294K [0x00000006c0000000, 0x00000006ee800000, 0x000000076ab00000)
  object space 761856K, 80% used [0x00000006c0000000,0x00000006e59d9b50,0x00000006ee800000)
 Metaspace       used 6691K, capacity 7320K, committed 7680K, reserved 1056768K
  class space    used 611K, capacity 656K, committed 768K, reserved 1048576K
}
Event: 168.692 GC heap before
{Heap before GC invocations=28 (full 5):
 PSYoungGen      total 616960K, used 616953K [0x000000076ab00000, 0x00000007a4780000, 0x00000007c0000000)
  eden space 468992K, 100% used [0x000000076ab00000,0x0000000787500000,0x0000000787500000)
  from space 147968K, 99% used [0x0000000794000000,0x000000079d07e578,0x000000079d080000)
  to   space 207872K, 0% used [0x0000000787500000,0x0000000787500000,0x0000000794000000)
 ParOldGen       total 761856K, used 616294K [0x00000006c0000000, 0x00000006ee800000, 0x000000076ab00000)
  object space 761856K, 80% used [0x00000006c0000000,0x00000006e59d9b50,0x00000006ee800000)
 Metaspace       used 6691K, capacity 7320K, committed 7680K, reserved 1056768K
  class space    used 611K, capacity 656K, committed 768K, reserved 1048576K
Event: 169.820 GC heap after
Heap after GC invocations=28 (full 5):
 PSYoungGen      total 676864K, used 48211K [0x000000076ab00000, 0x00000007a2f00000, 0x00000007c0000000)
  eden space 468992K, 0% used [0x000000076ab00000,0x000000076ab00000,0x0000000787500000)
  from space 207872K, 23% used [0x0000000787500000,0x000000078a414c80,0x0000000794000000)
  to   space 200192K, 0% used [0x0000000796b80000,0x0000000796b80000,0x00000007a2f00000)
 ParOldGen       total 761856K, used 679752K [0x00000006c0000000, 0x00000006ee800000, 0x000000076ab00000)
  object space 761856K, 89% used [0x00000006c0000000,0x00000006e97d21b8,0x00000006ee800000)
 Metaspace       used 6691K, capacity 7320K, committed 7680K, reserved 1056768K
  class space    used 611K, capacity 656K, committed 768K, reserved 1048576K
}
Event: 169.820 GC heap before
{Heap before GC invocations=29 (full 6):
 PSYoungGen      total 676864K, used 48211K [0x000000076ab00000, 0x00000007a2f00000, 0x00000007c0000000)
  eden space 468992K, 0% used [0x000000076ab00000,0x000000076ab00000,0x0000000787500000)
  from space 207872K, 23% used [0x0000000787500000,0x000000078a414c80,0x0000000794000000)
  to   space 200192K, 0% used [0x0000000796b80000,0x0000000796b80000,0x00000007a2f00000)
 ParOldGen       total 761856K, used 679752K [0x00000006c0000000, 0x00000006ee800000, 0x000000076ab00000)
  object space 761856K, 89% used [0x00000006c0000000,0x00000006e97d21b8,0x00000006ee800000)
 Metaspace       used 6691K, capacity 7320K, committed 7680K, reserved 1056768K
  class space    used 611K, capacity 656K, committed 768K, reserved 1048576K

