# JRE version: OpenJDK Runtime Environment (8.0_152-b01) (build 1.8.0_152-release-915-b01)
# Java VM: OpenJDK 64-Bit Server VM (25.152-b01 mixed mode linux-amd64 compressed oops)
Heap:
 PSYoungGen      total 834048K, used 58027K [0x0000000780000000, 0x00000007c0000000, 0x00000007c0000000)
  eden space 649216K, 0% used [0x0000000780000000,0x0000000780000000,0x00000007a7a00000)
  from space 184832K, 31% used [0x00000007b4b80000,0x00000007b842ac90,0x00000007c0000000)
  to   space 199680K, 0% used [0x00000007a7a00000,0x00000007a7a00000,0x00000007b3d00000)
 ParOldGen       total 524800K, used 524605K [0x0000000700000000, 0x0000000720080000, 0x0000000780000000)
  object space 524800K, 99% used [0x0000000700000000,0x000000072004f7b8,0x0000000720080000)
 Metaspace       used 6677K, capacity 7320K, committed 7680K, reserved 1056768K
  class space    used 609K, capacity 656K, committed 768K, reserved 1048576K
GC Heap History (10 events):
Event: 60.759 GC heap after
Heap after GC invocations=16 (full 3):
 PSYoungGen      total 585728K, used 100343K [0x0000000780000000, 0x00000007b4580000, 0x00000007c0000000)
  eden space 485376K, 0% used [0x0000000780000000,0x0000000780000000,0x000000079da00000)
  from space 100352K, 99% used [0x000000079da00000,0x00000007a3bfdf98,0x00000007a3c00000)
  to   space 139776K, 0% used [0x00000007abd00000,0x00000007abd00000,0x00000007b4580000)
 ParOldGen       total 326656K, used 258681K [0x0000000700000000, 0x0000000713f00000, 0x0000000780000000)
  object space 326656K, 79% used [0x0000000700000000,0x000000070fc9e478,0x0000000713f00000)
 Metaspace       used 6670K, capacity 7320K, committed 7680K, reserved 1056768K
  class space    used 609K, capacity 656K, committed 768K, reserved 1048576K
}
Event: 68.334 GC heap before
{Heap before GC invocations=17 (full 3):
 PSYoungGen      total 585728K, used 585719K [0x0000000780000000, 0x00000007b4580000, 0x00000007c0000000)
  eden space 485376K, 100% used [0x0000000780000000,0x000000079da00000,0x000000079da00000)
  from space 100352K, 99% used [0x000000079da00000,0x00000007a3bfdf98,0x00000007a3c00000)
  to   space 139776K, 0% used [0x00000007abd00000,0x00000007abd00000,0x00000007b4580000)
 ParOldGen       total 326656K, used 258681K [0x0000000700000000, 0x0000000713f00000, 0x0000000780000000)
  object space 326656K, 79% used [0x0000000700000000,0x000000070fc9e478,0x0000000713f00000)
 Metaspace       used 6673K, capacity 7320K, committed 7680K, reserved 1056768K
  class space    used 609K, capacity 656K, committed 768K, reserved 1048576K
Event: 69.697 GC heap after
Heap after GC invocations=17 (full 3):
 PSYoungGen      total 709632K, used 95816K [0x0000000780000000, 0x00000007b6000000, 0x00000007c0000000)
  eden space 569856K, 0% used [0x0000000780000000,0x0000000780000000,0x00000007a2c80000)
  from space 139776K, 68% used [0x00000007abd00000,0x00000007b1a921a0,0x00000007b4580000)
  to   space 147968K, 0% used [0x00000007a2c80000,0x00000007a2c80000,0x00000007abd00000)
 ParOldGen       total 335360K, used 334953K [0x0000000700000000, 0x0000000714780000, 0x0000000780000000)
  object space 335360K, 99% used [0x0000000700000000,0x000000071471a498,0x0000000714780000)
 Metaspace       used 6673K, capacity 7320K, committed 7680K, reserved 1056768K
  class space    used 609K, capacity 656K, committed 768K, reserved 1048576K
}
Event: 69.697 GC heap before
{Heap before GC invocations=18 (full 4):
 PSYoungGen      total 709632K, used 95816K [0x0000000780000000, 0x00000007b6000000, 0x00000007c0000000)
  eden space 569856K, 0% used [0x0000000780000000,0x0000000780000000,0x00000007a2c80000)
  from space 139776K, 68% used [0x00000007abd00000,0x00000007b1a921a0,0x00000007b4580000)
  to   space 147968K, 0% used [0x00000007a2c80000,0x00000007a2c80000,0x00000007abd00000)
 ParOldGen       total 335360K, used 334953K [0x0000000700000000, 0x0000000714780000, 0x0000000780000000)
  object space 335360K, 99% used [0x0000000700000000,0x000000071471a498,0x0000000714780000)
 Metaspace       used 6673K, capacity 7320K, committed 7680K, reserved 1056768K
  class space    used 609K, capacity 656K, committed 768K, reserved 1048576K
Event: 75.590 GC heap after
Heap after GC invocations=18 (full 4):
 PSYoungGen      total 709632K, used 89179K [0x0000000780000000, 0x00000007b6000000, 0x00000007c0000000)
  eden space 569856K, 0% used [0x0000000780000000,0x0000000780000000,0x00000007a2c80000)
  from space 139776K, 63% used [0x00000007abd00000,0x00000007b1416f30,0x00000007b4580000)
  to   space 147968K, 0% used [0x00000007a2c80000,0x00000007a2c80000,0x00000007abd00000)
 ParOldGen       total 524800K, used 334928K [0x0000000700000000, 0x0000000720080000, 0x0000000780000000)
  object space 524800K, 63% used [0x0000000700000000,0x0000000714714318,0x0000000720080000)
 Metaspace       used 6673K, capacity 7320K, committed 7680K, reserved 1056768K
  class space    used 609K, capacity 656K, committed 768K, reserved 1048576K
}
Event: 84.414 GC heap before
{Heap before GC invocations=19 (full 4):
 PSYoungGen      total 709632K, used 659035K [0x0000000780000000, 0x00000007b6000000, 0x00000007c0000000)
  eden space 569856K, 100% used [0x0000000780000000,0x00000007a2c80000,0x00000007a2c80000)
  from space 139776K, 63% used [0x00000007abd00000,0x00000007b1416f30,0x00000007b4580000)
  to   space 147968K, 0% used [0x00000007a2c80000,0x00000007a2c80000,0x00000007abd00000)
 ParOldGen       total 524800K, used 334928K [0x0000000700000000, 0x0000000720080000, 0x0000000780000000)
  object space 524800K, 63% used [0x0000000700000000,0x0000000714714318,0x0000000720080000)
 Metaspace       used 6677K, capacity 7320K, committed 7680K, reserved 1056768K
  class space    used 609K, capacity 656K, committed 768K, reserved 1048576K
Event: 86.037 GC heap after
Heap after GC invocations=19 (full 4):
 PSYoungGen      total 717824K, used 147954K [0x0000000780000000, 0x00000007c0000000, 0x00000007c0000000)
  eden space 569856K, 0% used [0x0000000780000000,0x0000000780000000,0x00000007a2c80000)
  from space 147968K, 99% used [0x00000007a2c80000,0x00000007abcfcae8,0x00000007abd00000)
  to   space 184832K, 0% used [0x00000007b4b80000,0x00000007b4b80000,0x00000007c0000000)
 ParOldGen       total 524800K, used 364304K [0x0000000700000000, 0x0000000720080000, 0x0000000780000000)
  object space 524800K, 69% used [0x0000000700000000,0x00000007163c4198,0x0000000720080000)
 Metaspace       used 6677K, capacity 7320K, committed 7680K, reserved 1056768K
  class space    used 609K, capacity 656K, committed 768K, reserved 1048576K
}
Event: 93.510 GC heap before
{Heap before GC invocations=20 (full 4):
 PSYoungGen      total 717824K, used 717810K [0x0000000780000000, 0x00000007c0000000, 0x00000007c0000000)
  eden space 569856K, 100% used [0x0000000780000000,0x00000007a2c80000,0x00000007a2c80000)
  from space 147968K, 99% used [0x00000007a2c80000,0x00000007abcfcae8,0x00000007abd00000)
  to   space 184832K, 0% used [0x00000007b4b80000,0x00000007b4b80000,0x00000007c0000000)
 ParOldGen       total 524800K, used 364304K [0x0000000700000000, 0x0000000720080000, 0x0000000780000000)
  object space 524800K, 69% used [0x0000000700000000,0x00000007163c4198,0x0000000720080000)
 Metaspace       used 6677K, capacity 7320K, committed 7680K, reserved 1056768K
  class space    used 609K, capacity 656K, committed 768K, reserved 1048576K
Event: 94.827 GC heap after
Heap after GC invocations=20 (full 4):
 PSYoungGen      total 834048K, used 138228K [0x0000000780000000, 0x00000007c0000000, 0x00000007c0000000)
  eden space 649216K, 0% used [0x0000000780000000,0x0000000780000000,0x00000007a7a00000)
  from space 184832K, 74% used [0x00000007b4b80000,0x00000007bd27d0e8,0x00000007c0000000)
  to   space 199680K, 0% used [0x00000007a7a00000,0x00000007a7a00000,0x00000007b3d00000)
 ParOldGen       total 524800K, used 451294K [0x0000000700000000, 0x0000000720080000, 0x0000000780000000)
  object space 524800K, 85% used [0x0000000700000000,0x000000071b8b79d8,0x0000000720080000)
 Metaspace       used 6677K, capacity 7320K, committed 7680K, reserved 1056768K
  class space    used 609K, capacity 656K, committed 768K, reserved 1048576K
}
Event: 94.827 GC heap before
{Heap before GC invocations=21 (full 5):
 PSYoungGen      total 834048K, used 138228K [0x0000000780000000, 0x00000007c0000000, 0x00000007c0000000)
  eden space 649216K, 0% used [0x0000000780000000,0x0000000780000000,0x00000007a7a00000)
  from space 184832K, 74% used [0x00000007b4b80000,0x00000007bd27d0e8,0x00000007c0000000)
  to   space 199680K, 0% used [0x00000007a7a00000,0x00000007a7a00000,0x00000007b3d00000)
 ParOldGen       total 524800K, used 451294K [0x0000000700000000, 0x0000000720080000, 0x0000000780000000)
  object space 524800K, 85% used [0x0000000700000000,0x000000071b8b79d8,0x0000000720080000)
 Metaspace       used 6677K, capacity 7320K, committed 7680K, reserved 1056768K
  class space    used 609K, capacity 656K, committed 768K, reserved 1048576K

