# JRE version: OpenJDK Runtime Environment (8.0_152-b01) (build 1.8.0_152-release-915-b01)
# Java VM: OpenJDK 64-Bit Server VM (25.152-b01 mixed mode linux-amd64 compressed oops)
Heap:
 PSYoungGen      total 465920K, used 84057K [0x00000000d5580000, 0x0000000100000000, 0x0000000100000000)
  eden space 232960K, 0% used [0x00000000d5580000,0x00000000d5580000,0x00000000e3900000)
  from space 232960K, 36% used [0x00000000e3900000,0x00000000e8b167c8,0x00000000f1c80000)
  to   space 232960K, 0% used [0x00000000f1c80000,0x00000000f1c80000,0x0000000100000000)
 ParOldGen       total 800768K, used 800314K [0x0000000080000000, 0x00000000b0e00000, 0x00000000d5580000)
  object space 800768K, 99% used [0x0000000080000000,0x00000000b0d8e948,0x00000000b0e00000)
 Metaspace       used 6834K, capacity 7384K, committed 7680K, reserved 1056768K
  class space    used 619K, capacity 656K, committed 768K, reserved 1048576K
GC Heap History (10 events):
Event: 171.573 GC heap after
Heap after GC invocations=30 (full 5):
 PSYoungGen      total 456192K, used 168688K [0x00000000d5580000, 0x0000000100000000, 0x0000000100000000)
  eden space 252928K, 0% used [0x00000000d5580000,0x00000000d5580000,0x00000000e4c80000)
  from space 203264K, 82% used [0x00000000e4c80000,0x00000000ef13c1b0,0x00000000f1300000)
  to   space 221696K, 0% used [0x00000000f2780000,0x00000000f2780000,0x0000000100000000)
 ParOldGen       total 800768K, used 664180K [0x0000000080000000, 0x00000000b0e00000, 0x00000000d5580000)
  object space 800768K, 82% used [0x0000000080000000,0x00000000a889d190,0x00000000b0e00000)
 Metaspace       used 6727K, capacity 7384K, committed 7680K, reserved 1056768K
  class space    used 613K, capacity 656K, committed 768K, reserved 1048576K
}
Event: 175.927 GC heap before
{Heap before GC invocations=31 (full 5):
 PSYoungGen      total 456192K, used 421616K [0x00000000d5580000, 0x0000000100000000, 0x0000000100000000)
  eden space 252928K, 100% used [0x00000000d5580000,0x00000000e4c80000,0x00000000e4c80000)
  from space 203264K, 82% used [0x00000000e4c80000,0x00000000ef13c1b0,0x00000000f1300000)
  to   space 221696K, 0% used [0x00000000f2780000,0x00000000f2780000,0x0000000100000000)
 ParOldGen       total 800768K, used 664180K [0x0000000080000000, 0x00000000b0e00000, 0x00000000d5580000)
  object space 800768K, 82% used [0x0000000080000000,0x00000000a889d190,0x00000000b0e00000)
 Metaspace       used 6728K, capacity 7384K, committed 7680K, reserved 1056768K
  class space    used 614K, capacity 656K, committed 768K, reserved 1048576K
Event: 176.394 GC heap after
Heap after GC invocations=31 (full 5):
 PSYoungGen      total 480768K, used 120064K [0x00000000d5580000, 0x0000000100000000, 0x0000000100000000)
  eden space 259072K, 0% used [0x00000000d5580000,0x00000000d5580000,0x00000000e5280000)
  from space 221696K, 54% used [0x00000000f2780000,0x00000000f9cc02c8,0x0000000100000000)
  to   space 218112K, 0% used [0x00000000e5280000,0x00000000e5280000,0x00000000f2780000)
 ParOldGen       total 800768K, used 664180K [0x0000000080000000, 0x00000000b0e00000, 0x00000000d5580000)
  object space 800768K, 82% used [0x0000000080000000,0x00000000a889d190,0x00000000b0e00000)
 Metaspace       used 6728K, capacity 7384K, committed 7680K, reserved 1056768K
  class space    used 614K, capacity 656K, committed 768K, reserved 1048576K
}
Event: 179.161 GC heap before
{Heap before GC invocations=32 (full 5):
 PSYoungGen      total 480768K, used 379136K [0x00000000d5580000, 0x0000000100000000, 0x0000000100000000)
  eden space 259072K, 100% used [0x00000000d5580000,0x00000000e5280000,0x00000000e5280000)
  from space 221696K, 54% used [0x00000000f2780000,0x00000000f9cc02c8,0x0000000100000000)
  to   space 218112K, 0% used [0x00000000e5280000,0x00000000e5280000,0x00000000f2780000)
 ParOldGen       total 800768K, used 664180K [0x0000000080000000, 0x00000000b0e00000, 0x00000000d5580000)
  object space 800768K, 82% used [0x0000000080000000,0x00000000a889d190,0x00000000b0e00000)
 Metaspace       used 6756K, capacity 7384K, committed 7680K, reserved 1056768K
  class space    used 617K, capacity 656K, committed 768K, reserved 1048576K
Event: 179.770 GC heap after
Heap after GC invocations=32 (full 5):
 PSYoungGen      total 416256K, used 156965K [0x00000000d5580000, 0x0000000100000000, 0x0000000100000000)
  eden space 259072K, 0% used [0x00000000d5580000,0x00000000d5580000,0x00000000e5280000)
  from space 157184K, 99% used [0x00000000e5280000,0x00000000eebc9408,0x00000000eec00000)
  to   space 227328K, 0% used [0x00000000f2200000,0x00000000f2200000,0x0000000100000000)
 ParOldGen       total 800768K, used 664180K [0x0000000080000000, 0x00000000b0e00000, 0x00000000d5580000)
  object space 800768K, 82% used [0x0000000080000000,0x00000000a889d190,0x00000000b0e00000)
 Metaspace       used 6756K, capacity 7384K, committed 7680K, reserved 1056768K
  class space    used 617K, capacity 656K, committed 768K, reserved 1048576K
}
Event: 182.553 GC heap before
{Heap before GC invocations=33 (full 5):
 PSYoungGen      total 416256K, used 416037K [0x00000000d5580000, 0x0000000100000000, 0x0000000100000000)
  eden space 259072K, 100% used [0x00000000d5580000,0x00000000e5280000,0x00000000e5280000)
  from space 157184K, 99% used [0x00000000e5280000,0x00000000eebc9408,0x00000000eec00000)
  to   space 227328K, 0% used [0x00000000f2200000,0x00000000f2200000,0x0000000100000000)
 ParOldGen       total 800768K, used 664180K [0x0000000080000000, 0x00000000b0e00000, 0x00000000d5580000)
  object space 800768K, 82% used [0x0000000080000000,0x00000000a889d190,0x00000000b0e00000)
 Metaspace       used 6834K, capacity 7384K, committed 7680K, reserved 1056768K
  class space    used 619K, capacity 656K, committed 768K, reserved 1048576K
Event: 183.337 GC heap after
Heap after GC invocations=33 (full 5):
 PSYoungGen      total 460288K, used 193015K [0x00000000d5580000, 0x0000000100000000, 0x0000000100000000)
  eden space 232960K, 0% used [0x00000000d5580000,0x00000000d5580000,0x00000000e3900000)
  from space 227328K, 84% used [0x00000000f2200000,0x00000000fde7dea8,0x0000000100000000)
  to   space 232960K, 0% used [0x00000000e3900000,0x00000000e3900000,0x00000000f1c80000)
 ParOldGen       total 800768K, used 664180K [0x0000000080000000, 0x00000000b0e00000, 0x00000000d5580000)
  object space 800768K, 82% used [0x0000000080000000,0x00000000a889d190,0x00000000b0e00000)
 Metaspace       used 6834K, capacity 7384K, committed 7680K, reserved 1056768K
  class space    used 619K, capacity 656K, committed 768K, reserved 1048576K
}
Event: 186.008 GC heap before
{Heap before GC invocations=34 (full 5):
 PSYoungGen      total 460288K, used 425975K [0x00000000d5580000, 0x0000000100000000, 0x0000000100000000)
  eden space 232960K, 100% used [0x00000000d5580000,0x00000000e3900000,0x00000000e3900000)
  from space 227328K, 84% used [0x00000000f2200000,0x00000000fde7dea8,0x0000000100000000)
  to   space 232960K, 0% used [0x00000000e3900000,0x00000000e3900000,0x00000000f1c80000)
 ParOldGen       total 800768K, used 664180K [0x0000000080000000, 0x00000000b0e00000, 0x00000000d5580000)
  object space 800768K, 82% used [0x0000000080000000,0x00000000a889d190,0x00000000b0e00000)
 Metaspace       used 6834K, capacity 7384K, committed 7680K, reserved 1056768K
  class space    used 619K, capacity 656K, committed 768K, reserved 1048576K
Event: 187.144 GC heap after
Heap after GC invocations=34 (full 5):
 PSYoungGen      total 465920K, used 187042K [0x00000000d5580000, 0x0000000100000000, 0x0000000100000000)
  eden space 232960K, 0% used [0x00000000d5580000,0x00000000d5580000,0x00000000e3900000)
  from space 232960K, 80% used [0x00000000e3900000,0x00000000eefa8bf8,0x00000000f1c80000)
  to   space 232960K, 0% used [0x00000000f1c80000,0x00000000f1c80000,0x0000000100000000)
 ParOldGen       total 800768K, used 708554K [0x0000000080000000, 0x00000000b0e00000, 0x00000000d5580000)
  object space 800768K, 88% used [0x0000000080000000,0x00000000ab3f2890,0x00000000b0e00000)
 Metaspace       used 6834K, capacity 7384K, committed 7680K, reserved 1056768K
  class space    used 619K, capacity 656K, committed 768K, reserved 1048576K
}
Event: 187.144 GC heap before
{Heap before GC invocations=35 (full 6):
 PSYoungGen      total 465920K, used 187042K [0x00000000d5580000, 0x0000000100000000, 0x0000000100000000)
  eden space 232960K, 0% used [0x00000000d5580000,0x00000000d5580000,0x00000000e3900000)
  from space 232960K, 80% used [0x00000000e3900000,0x00000000eefa8bf8,0x00000000f1c80000)
  to   space 232960K, 0% used [0x00000000f1c80000,0x00000000f1c80000,0x0000000100000000)
 ParOldGen       total 800768K, used 708554K [0x0000000080000000, 0x00000000b0e00000, 0x00000000d5580000)
  object space 800768K, 88% used [0x0000000080000000,0x00000000ab3f2890,0x00000000b0e00000)
 Metaspace       used 6834K, capacity 7384K, committed 7680K, reserved 1056768K
  class space    used 619K, capacity 656K, committed 768K, reserved 1048576K

